<?xml version="1.0" encoding="UTF-8"?>
<!-- Generated by org.testng.reporters.JUnitReportReporter -->
<testsuite hostname="DESKTOP-4DE5P58" failures="0" tests="3" name="testNG.TestSuite1" time="0.010" errors="0" timestamp="2022-07-01T10:10:44 IST" skipped="0">
  <testcase classname="testNG.TestSuite1" name="myTest03" time="0.008"/>
  <system-out/>
  <testcase classname="testNG.TestSuite1" name="myTest02" time="0.001"/>
  <system-out/>
  <testcase classname="testNG.TestSuite1" name="myTest01" time="0.001"/>
  <system-out/>
</testsuite> <!-- testNG.TestSuite1 -->
