<?xml version="1.0" encoding="UTF-8"?>
<!-- Generated by org.testng.reporters.JUnitReportReporter -->
<testsuite hostname="DESKTOP-4DE5P58" failures="0" tests="3" name="test.TestNGSample" time="0.011" errors="0" timestamp="2022-06-28T12:19:09 IST" skipped="0">
  <testcase classname="test.TestNGSample" name="Val_LoginTestCase" time="0.002"/>
  <system-out/>
  <testcase classname="test.TestNGSample" name="Val_RemoveAccountTestCase" time="0.001"/>
  <system-out/>
  <testcase classname="test.TestNGSample" name="Val_AddAccountTestCase" time="0.008"/>
  <system-out/>
</testsuite> <!-- test.TestNGSample -->
