<?xml version="1.0" encoding="UTF-8"?>
<!-- Generated by org.testng.reporters.JUnitReportReporter -->
<testsuite hostname="DESKTOP-4DE5P58" failures="0" tests="2" name="testNG.TestSuite1" time="0.002" errors="0" timestamp="2022-06-29T10:30:40 IST" skipped="0">
  <testcase classname="testNG.TestSuite1" name="myTest01" time="0.002"/>
  <system-out/>
  <testcase classname="testNG.TestSuite1" name="myTest02" time="0.000"/>
  <system-out/>
</testsuite> <!-- testNG.TestSuite1 -->
