<?xml version="1.0" encoding="UTF-8"?>
<!-- Generated by org.testng.reporters.JUnitReportReporter -->
<testsuite hostname="DESKTOP-4DE5P58" failures="0" tests="1" name="myTest.LoginTest" time="7.064" errors="0" timestamp="2022-07-01T07:12:49 IST" skipped="0">
  <testcase classname="myTest.LoginTest" name="Validate_Loginwith_ValidCredentials" time="7.064"/>
  <system-out/>
</testsuite> <!-- myTest.LoginTest -->
